# JRE version: OpenJDK Runtime Environment (15.0+36) (build 15+36-1562)
# Java VM: OpenJDK 64-Bit Server VM (15+36-1562, mixed mode, sharing, tiered, compressed oops, g1 gc, windows-amd64)
GC Precious Log:
 CPUs: 8 total, 8 available
 Memory: 8089M
 Large Page Support: Disabled
 NUMA Support: Disabled
 Compressed Oops: Enabled (32-bit)
 Heap Region Size: 1M
 Heap Min Capacity: 8M
 Heap Initial Capacity: 128M
 Heap Max Capacity: 2024M
 Pre-touch: Disabled
 Parallel Workers: 8
 Concurrent Workers: 2
 Concurrent Refinement Workers: 8
 Periodic GC: Disabled
Heap:
 garbage-first heap   total 133120K, used 69595K [0x0000000081800000, 0x0000000100000000)
  region size 1024K, 5 young (5120K), 1 survivors (1024K)
 Metaspace       used 29158K, capacity 29825K, committed 31360K, reserved 1077248K
  class space    used 3199K, capacity 3465K, committed 3712K, reserved 1048576K
GC Heap History (20 events):
Event: 4.742 GC heap before
{Heap before GC invocations=8 (full 0):
 garbage-first heap   total 92160K, used 57391K [0x0000000081800000, 0x0000000100000000)
  region size 1024K, 34 young (34816K), 6 survivors (6144K)
 Metaspace       used 23682K, capacity 24212K, committed 24320K, reserved 1071104K
  class space    used 2612K, capacity 2792K, committed 2816K, reserved 1048576K
}
Event: 4.752 GC heap after
{Heap after GC invocations=9 (full 0):
 garbage-first heap   total 92160K, used 32026K [0x0000000081800000, 0x0000000100000000)
  region size 1024K, 2 young (2048K), 2 survivors (2048K)
 Metaspace       used 23682K, capacity 24212K, committed 24320K, reserved 1071104K
  class space    used 2612K, capacity 2792K, committed 2816K, reserved 1048576K
}
Event: 5.442 GC heap before
{Heap before GC invocations=9 (full 0):
 garbage-first heap   total 92160K, used 67866K [0x0000000081800000, 0x0000000100000000)
  region size 1024K, 38 young (38912K), 2 survivors (2048K)
 Metaspace       used 25402K, capacity 26005K, committed 26112K, reserved 1073152K
  class space    used 2801K, capacity 3028K, committed 3072K, reserved 1048576K
}
Event: 5.450 GC heap after
{Heap after GC invocations=10 (full 0):
 garbage-first heap   total 92160K, used 36634K [0x0000000081800000, 0x0000000100000000)
  region size 1024K, 5 young (5120K), 5 survivors (5120K)
 Metaspace       used 25402K, capacity 26005K, committed 26112K, reserved 1073152K
  class space    used 2801K, capacity 3028K, committed 3072K, reserved 1048576K
}
Event: 6.128 GC heap before
{Heap before GC invocations=10 (full 0):
 garbage-first heap   total 92160K, used 70426K [0x0000000081800000, 0x0000000100000000)
  region size 1024K, 38 young (38912K), 5 survivors (5120K)
 Metaspace       used 27662K, capacity 28269K, committed 28416K, reserved 1075200K
  class space    used 3050K, capacity 3292K, committed 3328K, reserved 1048576K
}
Event: 6.143 GC heap after
{Heap after GC invocations=11 (full 0):
 garbage-first heap   total 92160K, used 37950K [0x0000000081800000, 0x0000000100000000)
  region size 1024K, 2 young (2048K), 2 survivors (2048K)
 Metaspace       used 27662K, capacity 28269K, committed 28416K, reserved 1075200K
  class space    used 3050K, capacity 3292K, committed 3328K, reserved 1048576K
}
Event: 6.213 GC heap before
{Heap before GC invocations=11 (full 0):
 garbage-first heap   total 92160K, used 70718K [0x0000000081800000, 0x0000000100000000)
  region size 1024K, 35 young (35840K), 2 survivors (2048K)
 Metaspace       used 27666K, capacity 28269K, committed 28416K, reserved 1075200K
  class space    used 3050K, capacity 3292K, committed 3328K, reserved 1048576K
}
Event: 6.216 GC heap after
{Heap after GC invocations=12 (full 0):
 garbage-first heap   total 110592K, used 36724K [0x0000000081800000, 0x0000000100000000)
  region size 1024K, 2 young (2048K), 2 survivors (2048K)
 Metaspace       used 27666K, capacity 28269K, committed 28416K, reserved 1075200K
  class space    used 3050K, capacity 3292K, committed 3328K, reserved 1048576K
}
Event: 6.490 GC heap before
{Heap before GC invocations=12 (full 0):
 garbage-first heap   total 110592K, used 87924K [0x0000000081800000, 0x0000000100000000)
  region size 1024K, 49 young (50176K), 2 survivors (2048K)
 Metaspace       used 27731K, capacity 28344K, committed 28416K, reserved 1075200K
  class space    used 3051K, capacity 3294K, committed 3328K, reserved 1048576K
}
Event: 6.499 GC heap after
{Heap after GC invocations=13 (full 0):
 garbage-first heap   total 110592K, used 52268K [0x0000000081800000, 0x0000000100000000)
  region size 1024K, 7 young (7168K), 7 survivors (7168K)
 Metaspace       used 27731K, capacity 28344K, committed 28416K, reserved 1075200K
  class space    used 3051K, capacity 3294K, committed 3328K, reserved 1048576K
}
Event: 6.665 GC heap before
{Heap before GC invocations=13 (full 0):
 garbage-first heap   total 110592K, used 87084K [0x0000000081800000, 0x0000000100000000)
  region size 1024K, 42 young (43008K), 7 survivors (7168K)
 Metaspace       used 27746K, capacity 28344K, committed 28416K, reserved 1075200K
  class space    used 3051K, capacity 3294K, committed 3328K, reserved 1048576K
}
Event: 6.674 GC heap after
{Heap after GC invocations=14 (full 0):
 garbage-first heap   total 110592K, used 58765K [0x0000000081800000, 0x0000000100000000)
  region size 1024K, 6 young (6144K), 6 survivors (6144K)
 Metaspace       used 27746K, capacity 28344K, committed 28416K, reserved 1075200K
  class space    used 3051K, capacity 3294K, committed 3328K, reserved 1048576K
}
Event: 7.195 GC heap before
{Heap before GC invocations=14 (full 0):
 garbage-first heap   total 110592K, used 86413K [0x0000000081800000, 0x0000000100000000)
  region size 1024K, 34 young (34816K), 6 survivors (6144K)
 Metaspace       used 29032K, capacity 29746K, committed 29952K, reserved 1075200K
  class space    used 3199K, capacity 3464K, committed 3584K, reserved 1048576K
}
Event: 7.201 GC heap after
{Heap after GC invocations=15 (full 0):
 garbage-first heap   total 110592K, used 58631K [0x0000000081800000, 0x0000000100000000)
  region size 1024K, 1 young (1024K), 1 survivors (1024K)
 Metaspace       used 29032K, capacity 29746K, committed 29952K, reserved 1075200K
  class space    used 3199K, capacity 3464K, committed 3584K, reserved 1048576K
}
Event: 7.662 GC heap before
{Heap before GC invocations=16 (full 0):
 garbage-first heap   total 110592K, used 85255K [0x0000000081800000, 0x0000000100000000)
  region size 1024K, 30 young (30720K), 1 survivors (1024K)
 Metaspace       used 28860K, capacity 29621K, committed 29952K, reserved 1075200K
  class space    used 3147K, capacity 3441K, committed 3584K, reserved 1048576K
}
Event: 7.668 GC heap after
{Heap after GC invocations=17 (full 0):
 garbage-first heap   total 110592K, used 57103K [0x0000000081800000, 0x0000000100000000)
  region size 1024K, 3 young (3072K), 3 survivors (3072K)
 Metaspace       used 28860K, capacity 29621K, committed 29952K, reserved 1075200K
  class space    used 3147K, capacity 3441K, committed 3584K, reserved 1048576K
}
Event: 7.695 GC heap before
{Heap before GC invocations=17 (full 0):
 garbage-first heap   total 110592K, used 59151K [0x0000000081800000, 0x0000000100000000)
  region size 1024K, 5 young (5120K), 3 survivors (3072K)
 Metaspace       used 29147K, capacity 30013K, committed 30208K, reserved 1075200K
  class space    used 3188K, capacity 3509K, committed 3584K, reserved 1048576K
}
Event: 7.703 GC heap after
{Heap after GC invocations=18 (full 0):
 garbage-first heap   total 133120K, used 46518K [0x0000000081800000, 0x0000000100000000)
  region size 1024K, 1 young (1024K), 1 survivors (1024K)
 Metaspace       used 29147K, capacity 30013K, committed 30208K, reserved 1075200K
  class space    used 3188K, capacity 3509K, committed 3584K, reserved 1048576K
}
Event: 7.829 GC heap before
{Heap before GC invocations=18 (full 0):
 garbage-first heap   total 133120K, used 65974K [0x0000000081800000, 0x0000000100000000)
  region size 1024K, 9 young (9216K), 1 survivors (1024K)
 Metaspace       used 30178K, capacity 30917K, committed 31104K, reserved 1077248K
  class space    used 3326K, capacity 3637K, committed 3712K, reserved 1048576K
}
Event: 7.832 GC heap after
{Heap after GC invocations=19 (full 0):
 garbage-first heap   total 133120K, used 59355K [0x0000000081800000, 0x0000000100000000)
  region size 1024K, 1 young (1024K), 1 survivors (1024K)
 Metaspace       used 30178K, capacity 30917K, committed 31104K, reserved 1077248K
  class space    used 3326K, capacity 3637K, committed 3712K, reserved 1048576K
}

